OpenCL Intel(R) Graphics device was found!
Device name: Intel(R) Iris(TM) Graphics 5100
Device version: OpenCL 1.2 
Device vendor: Intel(R) Corporation
Device profile: FULL_PROFILE
d:\documents\visual studio 2013\Projects\Medusa_ocl\Medusa_ocl\gemm.cl(49,51) :error CL : use of undeclared identifier 'TILE_GROUP_N'
__attribute__((reqd_work_group_size(TILE_GROUP_M, TILE_GROUP_N, 1)))
                                                  ^
d:\documents\visual studio 2013\Projects\Medusa_ocl\Medusa_ocl\gemm.cl(51,18) :error CL : unknown type name 'T'
    global const T * restrict A,
                 ^
d:\documents\visual studio 2013\Projects\Medusa_ocl\Medusa_ocl\gemm.cl(53,18) :error CL : unknown type name 'T'
    global const T * restrict B,
                 ^
d:\documents\visual studio 2013\Projects\Medusa_ocl\Medusa_ocl\gemm.cl(55,12) :error CL : unknown type name 'T'
    global T * restrict C,
           ^
d:\documents\visual studio 2013\Projects\Medusa_ocl\Medusa_ocl\gemm.cl(58,5) :error CL : unknown type name 'T'
    T alpha,
    ^
d:\documents\visual studio 2013\Projects\Medusa_ocl\Medusa_ocl\gemm.cl(59,5) :error CL : unknown type name 'T'
    T beta
    ^
d:\documents\visual studio 2013\Projects\Medusa_ocl\Medusa_ocl\gemm.cl(68,32) :error CL : use of undeclared identifier 'TILE_GROUP_M'
    int Aind = get_group_id(0)*TILE_GROUP_M*TILE_SIZE_M + get_local_id(0);
                               ^
d:\documents\visual studio 2013\Projects\Medusa_ocl\Medusa_ocl\gemm.cl(68,45) :error CL : use of undeclared identifier 'TILE_SIZE_M'
    int Aind = get_group_id(0)*TILE_GROUP_M*TILE_SIZE_M + get_local_id(0);
                                            ^
d:\documents\visual studio 2013\Projects\Medusa_ocl\Medusa_ocl\gemm.cl(69,32) :error CL : use of undeclared identifier 'TILE_GROUP_N'
    int Bind = get_group_id(1)*TILE_GROUP_N*TILE_SIZE_N + get_local_id(1);
                               ^
d:\documents\visual studio 2013\Projects\Medusa_ocl\Medusa_ocl\gemm.cl(69,45) :error CL : use of undeclared identifier 'TILE_SIZE_N'
    int Bind = get_group_id(1)*TILE_GROUP_N*TILE_SIZE_N + get_local_id(1);
                                            ^
d:\documents\visual studio 2013\Projects\Medusa_ocl\Medusa_ocl\gemm.cl(72,5) :error CL : use of undeclared identifier 'T'
    T c[TILE_SIZE_M*TILE_SIZE_N] = {(T)0};
    ^
d:\documents\visual studio 2013\Projects\Medusa_ocl\Medusa_ocl\gemm.cl(77,28) :error CL : use of undeclared identifier 'TILE_SIZE_M'
        for(int i = 0; i < TILE_SIZE_M; ++i)
                           ^
d:\documents\visual studio 2013\Projects\Medusa_ocl\Medusa_ocl\gemm.cl(78,32) :error CL : use of undeclared identifier 'TILE_SIZE_N'
            for(int j = 0; j < TILE_SIZE_N; ++j)
                               ^
d:\documents\visual studio 2013\Projects\Medusa_ocl\Medusa_ocl\gemm.cl(79,17) :error CL : use of undeclared identifier 'c'
                c[i*TILE_SIZE_N + j] +=
                ^
d:\documents\visual studio 2013\Projects\Medusa_ocl\Medusa_ocl\gemm.cl(79,21) :error CL : use of undeclared identifier 'TILE_SIZE_N'
                c[i*TILE_SIZE_N + j] +=
                    ^
d:\documents\visual studio 2013\Projects\Medusa_ocl\Medusa_ocl\gemm.cl(80,32) :error CL : use of undeclared identifier 'TILE_GROUP_M'
                    A[Aind + i*TILE_GROUP_M] *
                               ^
d:\documents\visual studio 2013\Projects\Medusa_ocl\Medusa_ocl\gemm.cl(81,32) :error CL : use of undeclared identifier 'TILE_GROUP_N'
                    B[Bind + j*TILE_GROUP_N];
                               ^
d:\documents\visual studio 2013\Projects\Medusa_ocl\Medusa_ocl\gemm.cl(87,24) :error CL : use of undeclared identifier 'TILE_SIZE_M'
    for(int i = 0; i < TILE_SIZE_M; ++i)
                       ^
d:\documents\visual studio 2013\Projects\Medusa_ocl\Medusa_ocl\gemm.cl(88,28) :error CL : use of undeclared identifier 'TILE_SIZE_N'
        for(int j = 0; j < TILE_SIZE_N; ++j)
                           ^
d:\documents\visual studio 2013\Projects\Medusa_ocl\Medusa_ocl\gemm.cl(90,33) :error CL : use of undeclared identifier 'TILE_GROUP_M'
            int Ccur = Cind + i*TILE_GROUP_M + j*TILE_GROUP_N*ldc;
                                ^
d:\documents\visual studio 2013\Projects\Medusa_ocl\Medusa_ocl\gemm.cl(90,50) :error CL : use of undeclared identifier 'TILE_GROUP_N'
            int Ccur = Cind + i*TILE_GROUP_M + j*TILE_GROUP_N*ldc;
                                                 ^
d:\documents\visual studio 2013\Projects\Medusa_ocl\Medusa_ocl\gemm.cl(91,29) :error CL : use of undeclared identifier 'c'
            C[Ccur] = alpha*c[i*TILE_SIZE_N + j] + beta*C[Ccur];
                            ^
d:\documents\visual studio 2013\Projects\Medusa_ocl\Medusa_ocl\gemm.cl(91,33) :error CL : use of undeclared identifier 'TILE_SIZE_N'
            C[Ccur] = alpha*c[i*TILE_SIZE_N + j] + beta*C[Ccur];
                                ^
d:\documents\visual studio 2013\Projects\Medusa_ocl\Medusa_ocl\gemm.cl(100,51) :error CL : use of undeclared identifier 'TILE_GROUP_N'
__attribute__((reqd_work_group_size(TILE_GROUP_M, TILE_GROUP_N, 1)))
                                                  ^
d:\documents\visual studio 2013\Projects\Medusa_ocl\Medusa_ocl\gemm.cl(102,18) :error CL : unknown type name 'T'
    global const T * restrict A,
                 ^
d:\documents\visual studio 2013\Projects\Medusa_ocl\Medusa_ocl\gemm.cl(104,18) :error CL : unknown type name 'T'
    global const T * restrict B,
                 ^
d:\documents\visual studio 2013\Projects\Medusa_ocl\Medusa_ocl\gemm.cl(106,12) :error CL : unknown type name 'T'
    global T * restrict C,
           ^
d:\documents\visual studio 2013\Projects\Medusa_ocl\Medusa_ocl\gemm.cl(109,5) :error CL : unknown type name 'T'
    T alpha,
    ^
d:\documents\visual studio 2013\Projects\Medusa_ocl\Medusa_ocl\gemm.cl(110,5) :error CL : unknown type name 'T'
    T beta
    ^
d:\documents\visual studio 2013\Projects\Medusa_ocl\Medusa_ocl\gemm.cl(118,32) :error CL : use of undeclared identifier 'TILE_GROUP_M'
    int Aind = get_group_id(0)*TILE_GROUP_M*TILE_SIZE_M + get_local_id(0);
                               ^
d:\documents\visual studio 2013\Projects\Medusa_ocl\Medusa_ocl\gemm.cl(118,45) :error CL : use of undeclared identifier 'TILE_SIZE_M'
    int Aind = get_group_id(0)*TILE_GROUP_M*TILE_SIZE_M + get_local_id(0);
                                            ^
d:\documents\visual studio 2013\Projects\Medusa_ocl\Medusa_ocl\gemm.cl(119,32) :error CL : use of undeclared identifier 'TILE_GROUP_N'
    int Bind = get_group_id(1)*TILE_GROUP_N*TILE_SIZE_N + get_local_id(1);
                               ^
d:\documents\visual studio 2013\Projects\Medusa_ocl\Medusa_ocl\gemm.cl(119,45) :error CL : use of undeclared identifier 'TILE_SIZE_N'
    int Bind = get_group_id(1)*TILE_GROUP_N*TILE_SIZE_N + get_local_id(1);
                                            ^
d:\documents\visual studio 2013\Projects\Medusa_ocl\Medusa_ocl\gemm.cl(124,5) :error CL : use of undeclared identifier 'T'
    T c[TILE_SIZE_M*TILE_SIZE_N] = {(T)0};
    ^
d:\documents\visual studio 2013\Projects\Medusa_ocl\Medusa_ocl\gemm.cl(127,50) :error CL : use of undeclared identifier 'TILE_SIZE_K'
    for(int l_block = 0; l_block < k; l_block += TILE_SIZE_K)
                                                 ^
d:\documents\visual studio 2013\Projects\Medusa_ocl\Medusa_ocl\gemm.cl(129,28) :error CL : use of undeclared identifier 'TILE_SIZE_M'
        for(int i = 0; i < TILE_SIZE_M; ++i)
                           ^
d:\documents\visual studio 2013\Projects\Medusa_ocl\Medusa_ocl\gemm.cl(130,32) :error CL : use of undeclared identifier 'TILE_SIZE_N'
            for(int j = 0; j < TILE_SIZE_N; ++j)
                               ^
d:\documents\visual studio 2013\Projects\Medusa_ocl\Medusa_ocl\gemm.cl(131,36) :error CL : use of undeclared identifier 'TILE_SIZE_K'
                for(int l = 0; l < TILE_SIZE_K; ++l)
                                   ^
d:\documents\visual studio 2013\Projects\Medusa_ocl\Medusa_ocl\gemm.cl(132,21) :error CL : use of undeclared identifier 'c'
                    c[i*TILE_SIZE_N + j] +=
                    ^
d:\documents\visual studio 2013\Projects\Medusa_ocl\Medusa_ocl\gemm.cl(132,25) :error CL : use of undeclared identifier 'TILE_SIZE_N'
                    c[i*TILE_SIZE_N + j] +=
                        ^
d:\documents\visual studio 2013\Projects\Medusa_ocl\Medusa_ocl\gemm.cl(133,44) :error CL : use of undeclared identifier 'TILE_GROUP_M'
                        A[Aind + l*lda + i*TILE_GROUP_M] *
                                           ^
d:\documents\visual studio 2013\Projects\Medusa_ocl\Medusa_ocl\gemm.cl(134,44) :error CL : use of undeclared identifier 'TILE_GROUP_N'
                        B[Bind + l + j*ldb*TILE_GROUP_N];
                                           ^
d:\documents\visual studio 2013\Projects\Medusa_ocl\Medusa_ocl\gemm.cl(135,21) :error CL : use of undeclared identifier 'TILE_SIZE_K'
        Aind += lda*TILE_SIZE_K;
                    ^
d:\documents\visual studio 2013\Projects\Medusa_ocl\Medusa_ocl\gemm.cl(136,17) :error CL : use of undeclared identifier 'TILE_SIZE_K'
        Bind += TILE_SIZE_K;
                ^
d:\documents\visual studio 2013\Projects\Medusa_ocl\Medusa_ocl\gemm.cl(140,24) :error CL : use of undeclared identifier 'TILE_SIZE_M'
    for(int i = 0; i < TILE_SIZE_M; ++i)
                       ^
d:\documents\visual studio 2013\Projects\Medusa_ocl\Medusa_ocl\gemm.cl(141,28) :error CL : use of undeclared identifier 'TILE_SIZE_N'
        for(int j = 0; j < TILE_SIZE_N; ++j)
                           ^
d:\documents\visual studio 2013\Projects\Medusa_ocl\Medusa_ocl\gemm.cl(143,33) :error CL : use of undeclared identifier 'TILE_GROUP_M'
            int Ccur = Cind + i*TILE_GROUP_M + j*TILE_GROUP_N*ldc;
                                ^
d:\documents\visual studio 2013\Projects\Medusa_ocl\Medusa_ocl\gemm.cl(143,50) :error CL : use of undeclared identifier 'TILE_GROUP_N'
            int Ccur = Cind + i*TILE_GROUP_M + j*TILE_GROUP_N*ldc;
                                                 ^
d:\documents\visual studio 2013\Projects\Medusa_ocl\Medusa_ocl\gemm.cl(144,29) :error CL : use of undeclared identifier 'c'
            C[Ccur] = alpha*c[i*TILE_SIZE_N + j] + beta*C[Ccur];
                            ^
d:\documents\visual studio 2013\Projects\Medusa_ocl\Medusa_ocl\gemm.cl(144,33) :error CL : use of undeclared identifier 'TILE_SIZE_N'
            C[Ccur] = alpha*c[i*TILE_SIZE_N + j] + beta*C[Ccur];
                                ^

error: front end compiler failed build.
Build failed!
