Build started 1/21/2015 10:34:37 AM.
     1>Project "d:\documents\visual studio 2013\Projects\Medusa_ocl\Medusa_ocl\Medusa_ocl.vcxproj" on node 2 (Build target(s)).
     1>_Intel_OpenCL_Build_Rules:
         Preprocessing: gemm.cl
       ClCompile:
         C:\Program Files (x86)\Microsoft Visual Studio 12.0\VC\bin\CL.exe /c /I"C:\Program Files (x86)\Intel\OpenCL SDK\4.6\include" /Zi /nologo /W3 /WX- /Od /Oy- /D Win32 /D _DEBUG /D _CONSOLE /D _UNICODE /D UNICODE /Gm /EHsc /RTC1 /MDd /GS /fp:precise /Zc:wchar_t /Zc:forScope /Fo"Debug\\" /Fd"Debug\vc120.pdb" /Gd /TP /analyze- /errorReport:prompt basic.cpp cmdoptions.cpp cmdparser.cpp gemm.cpp oclobject.cpp
         oclobject.cpp
     1>oclobject.cpp(24): warning C4067: unexpected tokens following preprocessor directive - expected a newline
     1>oclobject.cpp(453): warning C4996: 'clCreateCommandQueue': was declared deprecated
                 C:\Program Files (x86)\Intel\OpenCL SDK\4.6\include\CL/cl.h(1358) : see declaration of 'clCreateCommandQueue'
         gemm.cpp
     1>C:\Program Files (x86)\Microsoft Visual Studio 12.0\VC\include\algorithm(1557): warning C4996: 'std::_Generate_n': Function call with parameters that may be unsafe - this call relies on the caller to check that the passed values are correct. To disable this warning, use -D_SCL_SECURE_NO_WARNINGS. See documentation on how to use Visual C++ 'Checked Iterators'
                 C:\Program Files (x86)\Microsoft Visual Studio 12.0\VC\include\algorithm(1542) : see declaration of 'std::_Generate_n'
                 d:\documents\visual studio 2013\projects\medusa_ocl\medusa_ocl\basic.hpp(159) : see reference to function template instantiation '_OutIt std::generate_n<T*,size_t,T(__cdecl *)(void)>(_OutIt,_Diff,_Fn0)' being compiled
                 with
                 [
                     _OutIt=float *
         ,            T=float
         ,            _Diff=size_t
         ,            _Fn0=float (__cdecl *)(void)
                 ]
                 gemm.cpp(172) : see reference to function template instantiation 'void fill_rand_uniform_01<T>(T *,size_t)' being compiled
                 with
                 [
                     T=float
                 ]
                 gemm.cpp(411) : see reference to function template instantiation 'void gemm<float>(CmdParserGEMM &,OpenCLBasic &,OpenCLProgramOneKernel &)' being compiled
                 C:\Program Files (x86)\Microsoft Visual Studio 12.0\VC\include\algorithm(1542) : see declaration of 'std::_Generate_n'
         cmdparser.cpp
         cmdoptions.cpp
         basic.cpp
         Generating Code...
       Link:
         C:\Program Files (x86)\Microsoft Visual Studio 12.0\VC\bin\link.exe /ERRORREPORT:PROMPT /OUT:"d:\documents\visual studio 2013\Projects\Medusa_ocl\Debug\Medusa_ocl.exe" /INCREMENTAL /NOLOGO /LIBPATH:"C:\Program Files (x86)\Intel\OpenCL SDK\4.6\lib\x86" OpenCL.lib kernel32.lib user32.lib gdi32.lib winspool.lib comdlg32.lib advapi32.lib shell32.lib ole32.lib oleaut32.lib uuid.lib odbc32.lib odbccp32.lib /MANIFEST /MANIFESTUAC:"level='asInvoker' uiAccess='false'" /manifest:embed /DEBUG /PDB:"d:\documents\visual studio 2013\Projects\Medusa_ocl\Debug\Medusa_ocl.pdb" /TLBID:1 /DYNAMICBASE /NXCOMPAT /IMPLIB:"d:\documents\visual studio 2013\Projects\Medusa_ocl\Debug\Medusa_ocl.lib" /MACHINE:X86 Debug\basic.obj
         Debug\cmdoptions.obj
         Debug\cmdparser.obj
         Debug\gemm.obj
         Debug\oclobject.obj
         LINK : d:\documents\visual studio 2013\Projects\Medusa_ocl\Debug\Medusa_ocl.exe not found or not built by the last incremental link; performing full link
         Medusa_ocl.vcxproj -> d:\documents\visual studio 2013\Projects\Medusa_ocl\Debug\Medusa_ocl.exe
       PostBuildEvent:
         copy "*.cl" "d:\documents\visual studio 2013\Projects\Medusa_ocl\Debug\\"
         :VCEnd
         gemm.cl
                 1 file(s) copied.
     1>Done Building Project "d:\documents\visual studio 2013\Projects\Medusa_ocl\Medusa_ocl\Medusa_ocl.vcxproj" (Build target(s)).

Build succeeded.

Time Elapsed 00:00:04.17
